<?xml version="1.0" encoding="UTF-8"?>
<testng-results skipped="0" failed="0" ignored="1" total="2" passed="1">
  <reporter-output>
  </reporter-output>
  <suite name="All Test Suite" duration-ms="19896" started-at="2022-05-16T22:15:59 EDT" finished-at="2022-05-16T22:16:18 EDT">
    <groups>
    </groups>
    <test name="C:/Users/moazzam/Desktop/ahmets/TestNGFrameWork/src/test/java/Test/AddEmployeeTest.java" duration-ms="19896" started-at="2022-05-16T22:15:59 EDT" finished-at="2022-05-16T22:16:18 EDT">
      <class name="Test.AddEmployeeTest">
        <test-method status="PASS" signature="openBrowserAndLauchApplication()[pri:0, instance:Test.AddEmployeeTest@67205a84]" name="openBrowserAndLauchApplication" is-config="true" duration-ms="4515" started-at="2022-05-16T22:15:59 EDT" finished-at="2022-05-16T22:16:03 EDT">
          <reporter-output>
          </reporter-output>
        </test-method> <!-- openBrowserAndLauchApplication -->
        <test-method status="PASS" signature="addEmployee()[pri:0, instance:Test.AddEmployeeTest@67205a84]" name="addEmployee" duration-ms="14376" started-at="2022-05-16T22:16:03 EDT" finished-at="2022-05-16T22:16:17 EDT">
          <reporter-output>
          </reporter-output>
        </test-method> <!-- addEmployee -->
        <test-method status="PASS" signature="tearDown()[pri:0, instance:Test.AddEmployeeTest@67205a84]" name="tearDown" is-config="true" duration-ms="673" started-at="2022-05-16T22:16:18 EDT" finished-at="2022-05-16T22:16:18 EDT">
          <reporter-output>
          </reporter-output>
        </test-method> <!-- tearDown -->
      </class> <!-- Test.AddEmployeeTest -->
    </test> <!-- C:/Users/moazzam/Desktop/ahmets/TestNGFrameWork/src/test/java/Test/AddEmployeeTest.java -->
  </suite> <!-- All Test Suite -->
</testng-results>
